<?xml version="1.0" encoding="UTF-8"?>
<!-- Generated by org.testng.reporters.JUnitReportReporter -->
<testsuite hostname="DESKTOP-2NSKNHG" failures="1" tests="2" name="parallel.Parallel_Run" time="287.176" errors="0" timestamp="2023-03-29T10:43:38 IST" skipped="0">
  <testcase classname="parallel.Parallel_Run" name="runScenario" time="260.685"/>
  <system-out/>
  <testcase classname="parallel.Parallel_Run" name="runScenario" time="26.491">
    <failure message="expected [false] but found [true]" type="java.lang.AssertionError">
      <![CDATA[java.lang.AssertionError: expected [false] but found [true]
at org.testng.Assert.fail(Assert.java:110)
at org.testng.Assert.failNotEquals(Assert.java:1413)
at org.testng.Assert.assertFalse(Assert.java:78)
at org.testng.Assert.assertFalse(Assert.java:88)
at parallel.LoginStepDefinition.forgot_your_password_link_should_be_displayed(LoginStepDefinition.java:62)
at ✽.forgot your password link should be displayed(file:///C:/Users/Admin/Desktop/Suresh%20Amazon/Amazon_BDDCucumber-main/src/test/resources/parallel/Login.feature:7)
]]>
    </failure>
  </testcase> <!-- runScenario -->
  <system-out/>
</testsuite> <!-- parallel.Parallel_Run -->
